# JRE version: Java(TM) SE Runtime Environment (9.0+11) (build 9.0.4+11)
# Java VM: Java HotSpot(TM) 64-Bit Server VM (9.0.4+11, mixed mode, tiered, compressed oops, g1 gc, windows-amd64)
Heap:
 garbage-first heap   total 98304K, used 36192K [0x00000000a1c00000, 0x00000000a1d00300, 0x0000000100000000)
  region size 1024K, 31 young (31744K), 4 survivors (4096K)
 Metaspace       used 25080K, capacity 26462K, committed 26624K, reserved 1073152K
  class space    used 2756K, capacity 3027K, committed 3072K, reserved 1048576K
GC Heap History (6 events):
Event: 7.041 GC heap before
{Heap before GC invocations=0 (full 0):
 garbage-first heap   total 98304K, used 14336K [0x00000000a1c00000, 0x00000000a1d00300, 0x0000000100000000)
  region size 1024K, 14 young (14336K), 0 survivors (0K)
 Metaspace       used 12090K, capacity 12452K, committed 12544K, reserved 1060864K
  class space    used 1184K, capacity 1266K, committed 1280K, reserved 1048576K
}
Event: 7.047 GC heap after
{Heap after GC invocations=1 (full 0):
 garbage-first heap   total 98304K, used 4935K [0x00000000a1c00000, 0x00000000a1d00300, 0x0000000100000000)
  region size 1024K, 2 young (2048K), 2 survivors (2048K)
 Metaspace       used 12090K, capacity 12452K, committed 12544K, reserved 1060864K
  class space    used 1184K, capacity 1266K, committed 1280K, reserved 1048576K
}
Event: 8.053 GC heap before
{Heap before GC invocations=1 (full 0):
 garbage-first heap   total 98304K, used 12103K [0x00000000a1c00000, 0x00000000a1d00300, 0x0000000100000000)
  region size 1024K, 9 young (9216K), 2 survivors (2048K)
 Metaspace       used 14374K, capacity 14732K, committed 14976K, reserved 1062912K
  class space    used 1472K, capacity 1550K, committed 1664K, reserved 1048576K
}
Event: 8.059 GC heap after
{Heap after GC invocations=2 (full 0):
 garbage-first heap   total 98304K, used 6484K [0x00000000a1c00000, 0x00000000a1d00300, 0x0000000100000000)
  region size 1024K, 2 young (2048K), 2 survivors (2048K)
 Metaspace       used 14374K, capacity 14732K, committed 14976K, reserved 1062912K
  class space    used 1472K, capacity 1550K, committed 1664K, reserved 1048576K
}
Event: 11.064 GC heap before
{Heap before GC invocations=2 (full 0):
 garbage-first heap   total 98304K, used 26964K [0x00000000a1c00000, 0x00000000a1d00300, 0x0000000100000000)
  region size 1024K, 23 young (23552K), 2 survivors (2048K)
 Metaspace       used 20177K, capacity 21084K, committed 21248K, reserved 1069056K
  class space    used 2220K, capacity 2436K, committed 2560K, reserved 1048576K
}
Event: 11.072 GC heap after
{Heap after GC invocations=3 (full 0):
 garbage-first heap   total 98304K, used 9568K [0x00000000a1c00000, 0x00000000a1d00300, 0x0000000100000000)
  region size 1024K, 4 young (4096K), 4 survivors (4096K)
 Metaspace       used 20177K, capacity 21084K, committed 21248K, reserved 1069056K
  class space    used 2220K, capacity 2436K, committed 2560K, reserved 1048576K
}

